SF:lib/weather/cubit/weather_state.dart
DA:6,0
DA:7,0
DA:8,2
DA:9,0
DA:14,1
DA:19,1
DA:21,1
DA:22,1
DA:24,2
DA:26,1
DA:31,1
DA:32,1
DA:33,1
DA:34,1
DA:42,1
DA:43,4
LF:16
LH:13
end_of_record
SF:lib/weather/cubit/weather_cubit.dart
DA:12,3
DA:16,1
DA:17,1
DA:19,3
DA:22,1
DA:23,2
DA:26,2
DA:27,1
DA:28,3
DA:29,2
DA:31,3
DA:34,2
DA:36,1
DA:37,3
DA:41,1
DA:42,3
DA:44,4
DA:47,1
DA:48,5
DA:50,2
DA:51,1
DA:52,3
DA:53,2
DA:55,3
DA:57,2
DA:60,1
DA:61,2
DA:65,1
DA:66,3
DA:70,3
DA:71,3
DA:75,2
DA:76,2
DA:77,1
DA:78,1
DA:79,2
DA:80,2
DA:82,3
DA:84,2
DA:89,1
DA:91,1
DA:93,1
DA:94,1
DA:98,3
DA:99,3
LF:45
LH:45
end_of_record
SF:lib/weather/cubit/weather_cubit.g.dart
DA:9,1
DA:10,1
DA:13,1
DA:14,1
DA:15,1
DA:17,1
DA:18,1
DA:20,1
DA:22,1
DA:24,1
DA:25,1
DA:27,1
DA:28,1
DA:36,1
DA:37,1
DA:38,2
DA:39,2
DA:41,2
LF:18
LH:18
end_of_record
SF:lib/weather/models/weather.dart
DA:12,2
DA:13,2
DA:18,2
DA:20,1
DA:21,1
DA:25,2
DA:27,1
DA:28,2
DA:33,1
DA:40,1
DA:41,1
DA:43,1
DA:44,1
DA:45,1
DA:46,1
DA:47,1
DA:48,2
DA:52,3
DA:54,1
DA:64,2
DA:66,1
DA:67,5
DA:69,1
DA:75,1
DA:76,1
DA:77,1
DA:78,1
DA:79,0
LF:28
LH:27
end_of_record
SF:lib/weather/models/weather.g.dart
DA:9,2
DA:12,1
DA:13,1
DA:14,3
DA:20,1
DA:21,1
DA:22,1
DA:25,2
DA:28,1
DA:29,1
DA:30,1
DA:31,2
DA:32,1
DA:33,2
DA:34,2
DA:35,1
DA:36,2
DA:43,2
DA:44,2
DA:45,2
DA:46,1
DA:47,2
LF:22
LH:22
end_of_record
SF:lib/main.dart
DA:3,0
DA:4,0
DA:8,2
DA:11,1
DA:13,1
DA:15,1
DA:31,1
DA:40,1
DA:53,1
DA:54,1
DA:60,1
DA:61,2
DA:67,2
DA:71,1
DA:79,1
DA:80,1
DA:84,3
DA:87,3
DA:89,1
DA:92,1
DA:107,1
DA:111,1
DA:112,2
DA:113,3
DA:118,1
DA:119,1
LF:26
LH:24
end_of_record
